{"uid":"472a8e26f90a18f1","name":"test_scd_StoS_validation","fullName":"tests.test_smoke_suite#test_scd_StoS_validation","historyId":"2cbcb23b83099658757aaafbf91de7cb","time":{"start":1760349464237,"stop":1760349473108,"duration":8871},"status":"failed","statusMessage":"AssertionError: ❌ Data completeness check failed for source_doctors ↔ stage_doctors. Missing rows = 40016","statusTrace":"source_db = <utils.db_helper.DBHelper object at 0x0000018B47CD4F30>\nstage_db = <utils.db_helper.DBHelper object at 0x0000018B47CD4AD0>\nreport_helper = <utils.report_helper.ReportHelper object at 0x0000018B47D685A0>\n\n    @pytest.mark.skipif(not should_run(\"scd_validation_cross_env_SourceToStage\"), reason=\"Marked N in Excel\")\n    def test_scd_StoS_validation(source_db, stage_db, report_helper):\n        validator = SCD_Validation_SourceToStage()\n>       validator.run(source_db, stage_db, report_helper)\n\ntests\\test_smoke_suite.py:145: \n_ _ _ _ _ _ _ _ _ _ _ _ _ _ _ _ _ _ _ _ _ _ _ _ _ _ _ _ _ _ _ _ _ _ _ _ _ _ _ _ _ _ _ _ _ _ _ _ _ _ _ _ _ _ _ _ \n\nself = <src.scd_validation_cross_env.SCD_Validation_SourceToStage object at 0x0000018B589DF230>\nsource_db = <utils.db_helper.DBHelper object at 0x0000018B47CD4F30>\nstage_db = <utils.db_helper.DBHelper object at 0x0000018B47CD4AD0>\nreport_helper = <utils.report_helper.ReportHelper object at 0x0000018B47D685A0>\n\n    def run(self, source_db, stage_db, report_helper):\n        df = pd.read_excel(self.excel_path, sheet_name=\"Table_Mapping\")\n    \n        results = []\n        failed_checks = []  # track failures\n    \n        for _, row in df.iterrows():\n            source_table = row[\"source_table\"]\n            stage_table = row[\"stage_table\"]\n    \n            common_columns = self.get_common_columns(source_db, stage_db,source_table, stage_table)\n            print(f\"Common columns for {source_table} ↔ {stage_table}: {common_columns}\")\n    \n            if not common_columns:\n                logging.warning(f\"No common columns found for {source_table} ↔ {stage_table}\")\n                continue\n    \n            # ✅ Added IS_Current=1 filter for Stage DB\n            SCD_query = f\"\"\"\n                SELECT COUNT(*) AS Missing_Count\n                FROM (\n                    SELECT {common_columns}\n                    FROM {self.config.get(\"SOURCEDB\", \"database\")}.dbo.{source_table}\n                    EXCEPT\n                    SELECT {common_columns}\n                    FROM {self.config.get(\"STAGEDB\", \"database\")}.dbo.{stage_table}\n                    WHERE Is_Current='TRUE' OR Is_Current='1'\n                ) AS diff\n            \"\"\"\n    \n            logging.info(f\"Running SCD check: {source_table} → {stage_table}\")\n            raw_result = source_db.execute_query(SCD_query)\n    \n            missing_count = raw_result[0][0] if raw_result else 0\n            is_check_passed = missing_count == 0\n    \n            results.append({\n                \"Source_DB\": self.config.get(\"SOURCEDB\", \"database\"),\n                \"Source_Table\": source_table,\n                \"Stage_DB\": self.config.get(\"STAGEDB\", \"database\"),\n                \"Stage_Table\": stage_table,\n                \"Common_Columns\": common_columns,\n                \"Data_Missing_Count\": missing_count,\n                \"IsCheckPassed\": is_check_passed\n            })\n    \n            if not is_check_passed:\n                failed_checks.append(f\"❌ Data completeness check failed for {source_table} ↔ {stage_table}. Missing rows = {missing_count}\")\n    \n            # assert is_check_passed, f\"❌ SCD check failed for {source_table} ↔ {stage_table}\"\n    \n        # ✅ Save & print report\n        report_helper.save_report(results, test_type=\"SCD_Data_Check_Source_to_Stage\")\n        # self.report_helper.print_validation_report_Source_to_Stage(results)\n    \n        # ✅ Fail test only at the end (after report generation)\n>       assert not failed_checks, \"\\n\".join(failed_checks)\n               ^^^^^^^^^^^^^^^^^\nE       AssertionError: ❌ Data completeness check failed for source_doctors ↔ stage_doctors. Missing rows = 40016\n\nsrc\\scd_validation_cross_env.py:102: AssertionError","flaky":false,"newFailed":true,"newBroken":false,"newPassed":false,"retriesCount":4,"retriesStatusChange":false,"beforeStages":[{"name":"_session_faker","time":{"start":1760349435693,"stop":1760349435887,"duration":194},"status":"passed","steps":[],"attachments":[],"parameters":[],"attachmentStep":false,"hasContent":false,"stepsCount":0,"attachmentsCount":0,"shouldDisplayMessage":false},{"name":"source_db","time":{"start":1760349464213,"stop":1760349464226,"duration":13},"status":"passed","steps":[],"attachments":[],"parameters":[],"attachmentStep":false,"hasContent":false,"stepsCount":0,"attachmentsCount":0,"shouldDisplayMessage":false},{"name":"stage_db","time":{"start":1760349464226,"stop":1760349464234,"duration":8},"status":"passed","steps":[],"attachments":[],"parameters":[],"attachmentStep":false,"hasContent":false,"stepsCount":0,"attachmentsCount":0,"shouldDisplayMessage":false},{"name":"report_helper","time":{"start":1760349464234,"stop":1760349464236,"duration":2},"status":"passed","steps":[],"attachments":[],"parameters":[],"attachmentStep":false,"hasContent":false,"stepsCount":0,"attachmentsCount":0,"shouldDisplayMessage":false}],"testStage":{"status":"failed","statusMessage":"AssertionError: ❌ Data completeness check failed for source_doctors ↔ stage_doctors. Missing rows = 40016","statusTrace":"source_db = <utils.db_helper.DBHelper object at 0x0000018B47CD4F30>\nstage_db = <utils.db_helper.DBHelper object at 0x0000018B47CD4AD0>\nreport_helper = <utils.report_helper.ReportHelper object at 0x0000018B47D685A0>\n\n    @pytest.mark.skipif(not should_run(\"scd_validation_cross_env_SourceToStage\"), reason=\"Marked N in Excel\")\n    def test_scd_StoS_validation(source_db, stage_db, report_helper):\n        validator = SCD_Validation_SourceToStage()\n>       validator.run(source_db, stage_db, report_helper)\n\ntests\\test_smoke_suite.py:145: \n_ _ _ _ _ _ _ _ _ _ _ _ _ _ _ _ _ _ _ _ _ _ _ _ _ _ _ _ _ _ _ _ _ _ _ _ _ _ _ _ _ _ _ _ _ _ _ _ _ _ _ _ _ _ _ _ \n\nself = <src.scd_validation_cross_env.SCD_Validation_SourceToStage object at 0x0000018B589DF230>\nsource_db = <utils.db_helper.DBHelper object at 0x0000018B47CD4F30>\nstage_db = <utils.db_helper.DBHelper object at 0x0000018B47CD4AD0>\nreport_helper = <utils.report_helper.ReportHelper object at 0x0000018B47D685A0>\n\n    def run(self, source_db, stage_db, report_helper):\n        df = pd.read_excel(self.excel_path, sheet_name=\"Table_Mapping\")\n    \n        results = []\n        failed_checks = []  # track failures\n    \n        for _, row in df.iterrows():\n            source_table = row[\"source_table\"]\n            stage_table = row[\"stage_table\"]\n    \n            common_columns = self.get_common_columns(source_db, stage_db,source_table, stage_table)\n            print(f\"Common columns for {source_table} ↔ {stage_table}: {common_columns}\")\n    \n            if not common_columns:\n                logging.warning(f\"No common columns found for {source_table} ↔ {stage_table}\")\n                continue\n    \n            # ✅ Added IS_Current=1 filter for Stage DB\n            SCD_query = f\"\"\"\n                SELECT COUNT(*) AS Missing_Count\n                FROM (\n                    SELECT {common_columns}\n                    FROM {self.config.get(\"SOURCEDB\", \"database\")}.dbo.{source_table}\n                    EXCEPT\n                    SELECT {common_columns}\n                    FROM {self.config.get(\"STAGEDB\", \"database\")}.dbo.{stage_table}\n                    WHERE Is_Current='TRUE' OR Is_Current='1'\n                ) AS diff\n            \"\"\"\n    \n            logging.info(f\"Running SCD check: {source_table} → {stage_table}\")\n            raw_result = source_db.execute_query(SCD_query)\n    \n            missing_count = raw_result[0][0] if raw_result else 0\n            is_check_passed = missing_count == 0\n    \n            results.append({\n                \"Source_DB\": self.config.get(\"SOURCEDB\", \"database\"),\n                \"Source_Table\": source_table,\n                \"Stage_DB\": self.config.get(\"STAGEDB\", \"database\"),\n                \"Stage_Table\": stage_table,\n                \"Common_Columns\": common_columns,\n                \"Data_Missing_Count\": missing_count,\n                \"IsCheckPassed\": is_check_passed\n            })\n    \n            if not is_check_passed:\n                failed_checks.append(f\"❌ Data completeness check failed for {source_table} ↔ {stage_table}. Missing rows = {missing_count}\")\n    \n            # assert is_check_passed, f\"❌ SCD check failed for {source_table} ↔ {stage_table}\"\n    \n        # ✅ Save & print report\n        report_helper.save_report(results, test_type=\"SCD_Data_Check_Source_to_Stage\")\n        # self.report_helper.print_validation_report_Source_to_Stage(results)\n    \n        # ✅ Fail test only at the end (after report generation)\n>       assert not failed_checks, \"\\n\".join(failed_checks)\n               ^^^^^^^^^^^^^^^^^\nE       AssertionError: ❌ Data completeness check failed for source_doctors ↔ stage_doctors. Missing rows = 40016\n\nsrc\\scd_validation_cross_env.py:102: AssertionError","steps":[],"attachments":[{"uid":"8005afbd0fbad8f3","name":"stdout","source":"8005afbd0fbad8f3.txt","type":"text/plain","size":403}],"parameters":[],"attachmentStep":false,"hasContent":true,"stepsCount":0,"attachmentsCount":1,"shouldDisplayMessage":true},"afterStages":[{"name":"stage_db::0","time":{"start":1760349473127,"stop":1760349473128,"duration":1},"status":"passed","steps":[],"attachments":[],"parameters":[],"attachmentStep":false,"hasContent":false,"stepsCount":0,"attachmentsCount":0,"shouldDisplayMessage":false},{"name":"source_db::0","time":{"start":1760349473129,"stop":1760349473130,"duration":1},"status":"passed","steps":[],"attachments":[],"parameters":[],"attachmentStep":false,"hasContent":false,"stepsCount":0,"attachmentsCount":0,"shouldDisplayMessage":false}],"labels":[{"name":"parentSuite","value":"tests"},{"name":"suite","value":"test_smoke_suite"},{"name":"host","value":"INATS-LTP-066"},{"name":"thread","value":"23292-MainThread"},{"name":"framework","value":"pytest"},{"name":"language","value":"cpython3"},{"name":"package","value":"tests.test_smoke_suite"},{"name":"resultFormat","value":"allure2"}],"parameters":[],"links":[],"hidden":false,"retry":false,"extra":{"severity":"normal","retries":[{"uid":"44937e8fb34b7996","status":"failed","statusDetails":"AssertionError: ❌ Data completeness check failed for source_doctors ↔ stage_doctors. Missing rows = 40016","time":{"start":1760345398750,"stop":1760345407103,"duration":8353}},{"uid":"84f73dafa54af6e6","status":"failed","statusDetails":"AssertionError: ❌ Data completeness check failed for source_doctors ↔ stage_doctors. Missing rows = 40016","time":{"start":1759842576571,"stop":1759842580870,"duration":4299}},{"uid":"3d11aacb8f7d9697","status":"failed","statusDetails":"AssertionError: ❌ Data completeness check failed for source_doctors ↔ stage_doctors. Missing rows = 40016","time":{"start":1759841922023,"stop":1759841926722,"duration":4699}},{"uid":"1b14dce3dc1648c0","status":"failed","statusDetails":"AssertionError: ❌ Data completeness check failed for source_doctors ↔ stage_doctors. Missing rows = 40016","time":{"start":1759840959926,"stop":1759840968177,"duration":8251}}],"categories":[{"name":"Product defects","matchedStatuses":[]}],"history":{"statistic":{"failed":1,"broken":0,"skipped":0,"passed":1,"unknown":0,"total":2},"items":[{"uid":"c68496c30bd8f883","reportUrl":"http://localhost:8080/job/etl-tests/1/allure/#testresult/c68496c30bd8f883","status":"passed","time":{"start":1756977862988,"stop":1756977863534,"duration":546}}]},"tags":[]},"source":"472a8e26f90a18f1.json","parameterValues":[]}