{"uid":"b6de6067f4951017","name":"test_datacompleteness_StoT_validation","fullName":"tests.test_smoke_suite#test_datacompleteness_StoT_validation","historyId":"78065deef873a44178d62805df7675b5","time":{"start":1759134094639,"stop":1759134094869,"duration":230},"status":"failed","statusMessage":"AssertionError: ❌ Data completeness check failed for stage_doctors ↔ target_doctors. Missing rows = 2\n❌ Data completeness check failed for stage_patients ↔ target_patients. Missing rows = 3","statusTrace":"stage_db = <utils.db_helper.DBHelper object at 0x000002C6FCE9E7B0>\ntarget_db = <utils.db_helper.DBHelper object at 0x000002C6FCEA3790>\nreport_helper = <utils.report_helper.ReportHelper object at 0x000002C6FCEFE990>\n\n    @pytest.mark.skipif(not should_run(\"data_completeness_validation_StageToTarget\"), reason=\"Marked N in Excel\")\n    def test_datacompleteness_StoT_validation(stage_db, target_db,report_helper):\n        cv = Validation_StageToTarget()\n>       cv.run(stage_db, target_db,report_helper)\n\ntests\\test_smoke_suite.py:88: \n_ _ _ _ _ _ _ _ _ _ _ _ _ _ _ _ _ _ _ _ _ _ _ _ _ _ _ _ _ _ _ _ _ _ _ _ _ _ _ _ _ _ _ _ _ _ _ _ _ _ _ _ _ _ _ _ _ _ _ \n\nself = <src.data_completeness_validation.Validation_StageToTarget object at 0x000002C6FCA18980>\nstage_db = <utils.db_helper.DBHelper object at 0x000002C6FCE9E7B0>\ntarget_db = <utils.db_helper.DBHelper object at 0x000002C6FCEA3790>\nreport_helper = <utils.report_helper.ReportHelper object at 0x000002C6FCEFE990>\n\n    def run(self, stage_db, target_db, report_helper):\n        df = pd.read_excel(self.excel_path, sheet_name=\"Table_Mapping\")\n    \n        results = []\n        failed_checks = []  # track failures\n    \n        for _, row in df.iterrows():\n            stage_table = row[\"stage_table\"]\n            target_table = row[\"target_table\"]\n    \n            common_columns = self.get_common_columns(stage_db, target_db,stage_table, target_table)\n            # print(f\"Common columns for {stage_table} ↔ {target_table}: {common_columns}\")\n            logging.info(f\"Common columns for {stage_table} ↔ {target_table}: {common_columns}\")\n    \n            # if not common_columns:\n            #     logging.warning(f\"No common columns found for {stage_table} ↔ {target_table}\")\n            #     continue\n    \n            assert common_columns, f\"❌ No common columns found for {stage_table} ↔ {target_table}\"\n    \n            completeness_query = f\"\"\"\n                SELECT COUNT(*) AS Missing_Count\n                FROM (\n                    SELECT {common_columns} FROM {self.config.get(\"STAGEDB\", \"database\")}.dbo.{stage_table}\n                    EXCEPT\n                    SELECT {common_columns} FROM {self.config.get(\"TARGETDB\", \"database\")}.dbo.{target_table}\n                ) AS diff\n            \"\"\"\n    \n    \n            logging.info(f\"Running completeness check: {stage_table} → {target_table}\")\n            raw_result = stage_db.execute_query(completeness_query)\n    \n            missing_count = raw_result[0][0] if raw_result else 0\n    \n            # assert missing_count == 0, (\n            #     f\"❌ Data completeness check failed for {stage_table} ↔ {target_table}. \"\n            #     f\"Missing rows = {missing_count}\"\n            # )\n    \n            is_check_passed = missing_count == 0\n    \n            results.append({\n                \"Stage_DB\": self.config.get(\"STAGEDB\", \"database\"),\n                \"Stage_Table\": stage_table,\n                \"Target_DB\": self.config.get(\"TARGETDB\", \"database\"),\n                \"Target_Table\": target_table,\n                \"Common_Columns\": common_columns,\n                \"Data_Missing_Count\": missing_count,\n                \"IsCheckPassed\": is_check_passed\n            })\n    \n            if not is_check_passed:\n                failed_checks.append(f\"❌ Data completeness check failed for {stage_table} ↔ {target_table}. Missing rows = {missing_count}\")\n    \n            # assert is_check_passed, f\"❌ Data completeness check failed for {stage_table} ↔ {target_table}\"\n    \n        # ✅ Save & print report\n        report_helper.save_report(results, test_type=\"Data_Completeness_Stage_to_Target\")\n        # self.report_helper.print_validation_report_Stage_to_Target(results)\n    \n        # ✅ Fail test at the end (after report generation)\n>       assert not failed_checks, \"\\n\".join(failed_checks)\n               ^^^^^^^^^^^^^^^^^\nE       AssertionError: ❌ Data completeness check failed for stage_doctors ↔ target_doctors. Missing rows = 2\nE       ❌ Data completeness check failed for stage_patients ↔ target_patients. Missing rows = 3\n\nsrc\\data_completeness_validation.py:209: AssertionError","flaky":false,"newFailed":false,"newBroken":false,"newPassed":false,"retriesCount":0,"retriesStatusChange":false,"beforeStages":[{"name":"stage_db","time":{"start":1759134094545,"stop":1759134094633,"duration":88},"status":"passed","steps":[],"attachments":[],"parameters":[],"shouldDisplayMessage":false,"attachmentsCount":0,"hasContent":false,"stepsCount":0,"attachmentStep":false},{"name":"target_db","time":{"start":1759134094634,"stop":1759134094636,"duration":2},"status":"passed","steps":[],"attachments":[],"parameters":[],"shouldDisplayMessage":false,"attachmentsCount":0,"hasContent":false,"stepsCount":0,"attachmentStep":false},{"name":"report_helper","time":{"start":1759134094637,"stop":1759134094638,"duration":1},"status":"passed","steps":[],"attachments":[],"parameters":[],"shouldDisplayMessage":false,"attachmentsCount":0,"hasContent":false,"stepsCount":0,"attachmentStep":false}],"testStage":{"status":"failed","statusMessage":"AssertionError: ❌ Data completeness check failed for stage_doctors ↔ target_doctors. Missing rows = 2\n❌ Data completeness check failed for stage_patients ↔ target_patients. Missing rows = 3","statusTrace":"stage_db = <utils.db_helper.DBHelper object at 0x000002C6FCE9E7B0>\ntarget_db = <utils.db_helper.DBHelper object at 0x000002C6FCEA3790>\nreport_helper = <utils.report_helper.ReportHelper object at 0x000002C6FCEFE990>\n\n    @pytest.mark.skipif(not should_run(\"data_completeness_validation_StageToTarget\"), reason=\"Marked N in Excel\")\n    def test_datacompleteness_StoT_validation(stage_db, target_db,report_helper):\n        cv = Validation_StageToTarget()\n>       cv.run(stage_db, target_db,report_helper)\n\ntests\\test_smoke_suite.py:88: \n_ _ _ _ _ _ _ _ _ _ _ _ _ _ _ _ _ _ _ _ _ _ _ _ _ _ _ _ _ _ _ _ _ _ _ _ _ _ _ _ _ _ _ _ _ _ _ _ _ _ _ _ _ _ _ _ _ _ _ \n\nself = <src.data_completeness_validation.Validation_StageToTarget object at 0x000002C6FCA18980>\nstage_db = <utils.db_helper.DBHelper object at 0x000002C6FCE9E7B0>\ntarget_db = <utils.db_helper.DBHelper object at 0x000002C6FCEA3790>\nreport_helper = <utils.report_helper.ReportHelper object at 0x000002C6FCEFE990>\n\n    def run(self, stage_db, target_db, report_helper):\n        df = pd.read_excel(self.excel_path, sheet_name=\"Table_Mapping\")\n    \n        results = []\n        failed_checks = []  # track failures\n    \n        for _, row in df.iterrows():\n            stage_table = row[\"stage_table\"]\n            target_table = row[\"target_table\"]\n    \n            common_columns = self.get_common_columns(stage_db, target_db,stage_table, target_table)\n            # print(f\"Common columns for {stage_table} ↔ {target_table}: {common_columns}\")\n            logging.info(f\"Common columns for {stage_table} ↔ {target_table}: {common_columns}\")\n    \n            # if not common_columns:\n            #     logging.warning(f\"No common columns found for {stage_table} ↔ {target_table}\")\n            #     continue\n    \n            assert common_columns, f\"❌ No common columns found for {stage_table} ↔ {target_table}\"\n    \n            completeness_query = f\"\"\"\n                SELECT COUNT(*) AS Missing_Count\n                FROM (\n                    SELECT {common_columns} FROM {self.config.get(\"STAGEDB\", \"database\")}.dbo.{stage_table}\n                    EXCEPT\n                    SELECT {common_columns} FROM {self.config.get(\"TARGETDB\", \"database\")}.dbo.{target_table}\n                ) AS diff\n            \"\"\"\n    \n    \n            logging.info(f\"Running completeness check: {stage_table} → {target_table}\")\n            raw_result = stage_db.execute_query(completeness_query)\n    \n            missing_count = raw_result[0][0] if raw_result else 0\n    \n            # assert missing_count == 0, (\n            #     f\"❌ Data completeness check failed for {stage_table} ↔ {target_table}. \"\n            #     f\"Missing rows = {missing_count}\"\n            # )\n    \n            is_check_passed = missing_count == 0\n    \n            results.append({\n                \"Stage_DB\": self.config.get(\"STAGEDB\", \"database\"),\n                \"Stage_Table\": stage_table,\n                \"Target_DB\": self.config.get(\"TARGETDB\", \"database\"),\n                \"Target_Table\": target_table,\n                \"Common_Columns\": common_columns,\n                \"Data_Missing_Count\": missing_count,\n                \"IsCheckPassed\": is_check_passed\n            })\n    \n            if not is_check_passed:\n                failed_checks.append(f\"❌ Data completeness check failed for {stage_table} ↔ {target_table}. Missing rows = {missing_count}\")\n    \n            # assert is_check_passed, f\"❌ Data completeness check failed for {stage_table} ↔ {target_table}\"\n    \n        # ✅ Save & print report\n        report_helper.save_report(results, test_type=\"Data_Completeness_Stage_to_Target\")\n        # self.report_helper.print_validation_report_Stage_to_Target(results)\n    \n        # ✅ Fail test at the end (after report generation)\n>       assert not failed_checks, \"\\n\".join(failed_checks)\n               ^^^^^^^^^^^^^^^^^\nE       AssertionError: ❌ Data completeness check failed for stage_doctors ↔ target_doctors. Missing rows = 2\nE       ❌ Data completeness check failed for stage_patients ↔ target_patients. Missing rows = 3\n\nsrc\\data_completeness_validation.py:209: AssertionError","steps":[],"attachments":[{"uid":"2f2b9db8247963e0","name":"stdout","source":"2f2b9db8247963e0.txt","type":"text/plain","size":108}],"parameters":[],"shouldDisplayMessage":true,"attachmentsCount":1,"hasContent":true,"stepsCount":0,"attachmentStep":false},"afterStages":[{"name":"target_db::0","time":{"start":1759134094889,"stop":1759134094889,"duration":0},"status":"passed","steps":[],"attachments":[],"parameters":[],"shouldDisplayMessage":false,"attachmentsCount":0,"hasContent":false,"stepsCount":0,"attachmentStep":false},{"name":"stage_db::0","time":{"start":1759134094891,"stop":1759134094891,"duration":0},"status":"passed","steps":[],"attachments":[],"parameters":[],"shouldDisplayMessage":false,"attachmentsCount":0,"hasContent":false,"stepsCount":0,"attachmentStep":false}],"labels":[{"name":"parentSuite","value":"tests"},{"name":"suite","value":"test_smoke_suite"},{"name":"host","value":"INATS-LTP-066"},{"name":"thread","value":"33180-MainThread"},{"name":"framework","value":"pytest"},{"name":"language","value":"cpython3"},{"name":"package","value":"tests.test_smoke_suite"},{"name":"resultFormat","value":"allure2"}],"parameters":[],"links":[],"hidden":true,"retry":true,"extra":{"categories":[],"tags":[]},"source":"b6de6067f4951017.json","parameterValues":[]}